<?xml version="1.0" encoding="UTF-8"?>
<testng-results ignored="0" total="1" passed="1" failed="0" skipped="0">
  <reporter-output>
  </reporter-output>
  <suite started-at="2021-04-13T09:23:33 IST" name="Default suite" finished-at="2021-04-13T09:23:47 IST" duration-ms="13681">
    <groups>
    </groups>
    <test started-at="2021-04-13T09:23:33 IST" name="Default test" finished-at="2021-04-13T09:23:47 IST" duration-ms="13681">
      <class name="SeleniumRevise.AlertHandling">
        <test-method signature="HandleAlert()[pri:0, instance:SeleniumRevise.AlertHandling@6193932a]" started-at="2021-04-13T09:23:33 IST" name="HandleAlert" finished-at="2021-04-13T09:23:47 IST" duration-ms="13612" status="PASS">
          <reporter-output>
          </reporter-output>
        </test-method> <!-- HandleAlert -->
      </class> <!-- SeleniumRevise.AlertHandling -->
    </test> <!-- Default test -->
  </suite> <!-- Default suite -->
</testng-results>
