<?xml version="1.0" encoding="UTF-8"?>
<!-- Generated by org.testng.reporters.JUnitXMLReporter -->
<testsuite ignored="0" hostname="DESKTOP-TJNPJCV" failures="0" tests="3" name="TestNgTest2" time="0.039" errors="0" timestamp="2021-03-23T08:22:39 IST">
  <testcase classname="DataDrivenUSingTestNG.TestNGFeatures" name="login" time="0.003"/>
  <testcase classname="DataDrivenUSingTestNG.TestNGFeatures" name="sum" time="0.008"/>
  <testcase classname="DataDrivenUSingTestNG.TestNGFeatures" name="homePage" time="0.006"/>
</testsuite> <!-- TestNgTest2 -->
