<?xml version="1.0" encoding="UTF-8"?>
<!-- Generated by org.testng.reporters.JUnitXMLReporter -->
<testsuite ignored="0" hostname="DESKTOP-TJNPJCV" failures="0" tests="4" name="Maven Test" time="0.062" errors="0" timestamp="2021-03-27T18:57:54 IST">
  <testcase classname="com.test.DemoTest" name="testA" time="0.007"/>
  <testcase classname="com.test.DemoTest" name="testB" time="0.001"/>
  <testcase classname="com.test.DemoTest2" name="testA" time="0.0"/>
  <testcase classname="com.test.DemoTest2" name="testB" time="0.0"/>
</testsuite> <!-- Maven Test -->
