<?xml version="1.0" encoding="UTF-8"?>
<!-- Generated by org.testng.reporters.JUnitXMLReporter -->
<testsuite ignored="0" hostname="DESKTOP-TJNPJCV" failures="0" tests="3" name="TestNgTest1" time="0.076" errors="0" timestamp="2021-03-23T08:32:33 IST">
  <testcase classname="DataDrivenUSingTestNG.PassFailSkipInTestNG" name="loginFB" time="0.013"/>
  <testcase classname="DataDrivenUSingTestNG.PassFailSkipInTestNG" name="loginGmail" time="0.003">
    <skipped/>
  </testcase> <!-- loginGmail -->
  <testcase classname="DataDrivenUSingTestNG.PassFailSkipInTestNG" name="loginInsta" time="0.003"/>
</testsuite> <!-- TestNgTest1 -->
