<?xml version="1.0" encoding="UTF-8"?>
<testsuite xmlns:xsi="http://www.w3.org/2001/XMLSchema-instance" xsi:noNamespaceSchemaLocation="https://maven.apache.org/surefire/maven-surefire-plugin/xsd/surefire-test-report-3.0.xsd" version="3.0" name="TestSuite" time="0.779" tests="4" errors="0" skipped="0" failures="0">
  <properties>
[...]
</properties>
  <testcase name="testA" classname="com.test.DemoTest" time="0.008">
    <system-out><![CDATA[...
... TestNG 7.4.0 by Cédric Beust (cedric@beust.com)
...

testA passed
]]></system-out>
  </testcase>
  <testcase name="testB" classname="com.test.DemoTest" time="0">
    <system-out><![CDATA[testB faile
]]></system-out>
  </testcase>
  <testcase name="testA" classname="com.test.DemoTest2" time="0">
    <system-out><![CDATA[testA passed
]]></system-out>
  </testcase>
  <testcase name="testB" classname="com.test.DemoTest2" time="0.001">
    <system-out><![CDATA[testB passed
]]></system-out>
  </testcase>
</testsuite>