<?xml version="1.0" encoding="UTF-8"?>
<testng-results ignored="0" total="4" passed="4" failed="0" skipped="0">
  <reporter-output>
  </reporter-output>
  <suite started-at="2021-03-27T18:57:54 IST" name="Maven Suite" finished-at="2021-03-27T18:57:54 IST" duration-ms="62">
    <groups>
    </groups>
    <test started-at="2021-03-27T18:57:54 IST" name="Maven Test" finished-at="2021-03-27T18:57:54 IST" duration-ms="62">
      <class name="com.test.DemoTest">
        <test-method signature="testA()[pri:0, instance:com.test.DemoTest@16e7dcfd]" started-at="2021-03-27T18:57:54 IST" name="testA" finished-at="2021-03-27T18:57:54 IST" duration-ms="7" status="PASS">
          <reporter-output>
          </reporter-output>
        </test-method> <!-- testA -->
        <test-method signature="testB()[pri:0, instance:com.test.DemoTest@16e7dcfd]" started-at="2021-03-27T18:57:54 IST" name="testB" finished-at="2021-03-27T18:57:54 IST" duration-ms="1" status="PASS">
          <reporter-output>
          </reporter-output>
        </test-method> <!-- testB -->
      </class> <!-- com.test.DemoTest -->
      <class name="com.test.DemoTest2">
        <test-method signature="testA()[pri:0, instance:com.test.DemoTest2@15b204a1]" started-at="2021-03-27T18:57:54 IST" name="testA" finished-at="2021-03-27T18:57:54 IST" duration-ms="0" status="PASS">
          <reporter-output>
          </reporter-output>
        </test-method> <!-- testA -->
        <test-method signature="testB()[pri:0, instance:com.test.DemoTest2@15b204a1]" started-at="2021-03-27T18:57:54 IST" name="testB" finished-at="2021-03-27T18:57:54 IST" duration-ms="0" status="PASS">
          <reporter-output>
          </reporter-output>
        </test-method> <!-- testB -->
      </class> <!-- com.test.DemoTest2 -->
    </test> <!-- Maven Test -->
  </suite> <!-- Maven Suite -->
</testng-results>
