<?xml version="1.0" encoding="UTF-8" ?>
<testsuite tests="3" failures="1" name="com.test.DemoTest" time="0.018" errors="0" skipped="0">
  <properties>
[...]
</properties>
  <testcase classname="com.test.DemoTest" name="testA" time="0.01"/>
  <testcase classname="com.test.DemoTest" name="testB" time="0"/>
  <testcase classname="com.test.DemoTest" name="tearDown" time="0.008">
    <failure message="The following asserts failed:
	expected [10] but found [20]" type="java.lang.AssertionError">java.lang.AssertionError: The following asserts failed:
	expected [10] but found [20]
	at org.testng.asserts.SoftAssert.assertAll(SoftAssert.java:47)
	at org.testng.asserts.SoftAssert.assertAll(SoftAssert.java:31)
	at com.test.DemoTest.tearDown(DemoTest.java:31)
</failure>
  </testcase>
</testsuite>